<?xml version="1.0" encoding="UTF-8"?>
<!-- Generated by org.testng.reporters.JUnitReportReporter -->
<testsuite hostname="DESKTOP-SGN53E7" failures="0" tests="1" name="com.g3.beeChem.login" time="17.492" errors="0" timestamp="17 Feb 2025 09:24:05 GMT" skipped="0">
  <testcase classname="com.g3.beeChem.login" name="login" time="17.492"/>
</testsuite> <!-- com.g3.beeChem.login -->
