<?xml version="1.0" encoding="UTF-8"?>
<!-- Generated by org.testng.reporters.JUnitReportReporter -->
<testsuite hostname="DESKTOP-SGN53E7" failures="0" tests="1" name="com.g3.beeChem.settings.mitecountpage" time="6.687" errors="0" timestamp="17 Feb 2025 03:51:45 GMT" skipped="0">
  <testcase classname="com.g3.beeChem.settings.mitecountpage" name="login" time="6.687"/>
</testsuite> <!-- com.g3.beeChem.settings.mitecountpage -->
