<?xml version="1.0" encoding="UTF-8"?>
<!-- Generated by org.testng.reporters.JUnitReportReporter -->
<testsuite hostname="DESKTOP-SGN53E7" failures="0" tests="1" name="com.g3.testing.chrome.testNg" time="0.010" errors="0" timestamp="11 Feb 2025 08:13:23 GMT" skipped="0">
  <testcase classname="com.g3.testing.chrome.testNg" name="test" time="0.010"/>
</testsuite> <!-- com.g3.testing.chrome.testNg -->
